2021-11-24 16:19:49,571 (WARNING) - django.request - Unauthorized: /store/collections/
2021-11-24 16:19:49,580 (WARNING) - django.request - Forbidden: /store/collections/
2021-11-24 16:19:49,590 (WARNING) - django.request - Bad Request: /store/collections/
2021-11-24 16:20:12,076 (WARNING) - django.request - Unauthorized: /store/collections/
2021-11-24 16:20:12,085 (WARNING) - django.request - Forbidden: /store/collections/
2021-11-24 16:20:12,093 (WARNING) - django.request - Bad Request: /store/collections/
2021-11-24 16:20:59,964 (WARNING) - django.request - Unauthorized: /store/collections/
2021-11-24 16:20:59,972 (WARNING) - django.request - Forbidden: /store/collections/
2021-11-24 16:20:59,979 (WARNING) - django.request - Bad Request: /store/collections/
2021-11-24 16:22:38,523 (WARNING) - django.request - Unauthorized: /store/collections/
2021-11-24 16:22:38,587 (WARNING) - django.request - Forbidden: /store/collections/
2021-11-24 16:22:38,616 (WARNING) - django.request - Bad Request: /store/collections/
2021-11-24 16:23:15,199 (WARNING) - silk.profiling.profiler - Cannot execute silk_profile as silk is not installed correctly.
2021-11-29 16:34:00,574 (WARNING) - silk.profiling.profiler - Cannot execute silk_profile as silk is not installed correctly.
2021-11-29 16:34:00,606 (WARNING) - silk.profiling.profiler - Cannot execute silk_profile as silk is not installed correctly.
2021-11-29 16:43:10,030 (WARNING) - silk.profiling.profiler - Cannot execute silk_profile as silk is not installed correctly.
2021-11-29 16:43:10,136 (WARNING) - silk.profiling.profiler - Cannot execute silk_profile as silk is not installed correctly.
2021-11-29 16:48:48,191 (INFO) - django.utils.autoreload - Watching for file changes with StatReloader
2021-11-29 16:48:48,359 (WARNING) - silk.profiling.profiler - Cannot execute silk_profile as silk is not installed correctly.
2021-11-29 16:49:27,766 (INFO) - django.utils.autoreload - /app/storefront/settings/dev.py changed, reloading.
2021-11-29 16:49:28,394 (INFO) - django.utils.autoreload - Watching for file changes with StatReloader
2021-11-29 16:49:28,542 (WARNING) - silk.profiling.profiler - Cannot execute silk_profile as silk is not installed correctly.
2021-11-29 16:49:30,910 (INFO) - django.utils.autoreload - /app/storefront/settings/dev.py changed, reloading.
2021-11-29 16:49:31,838 (INFO) - django.utils.autoreload - Watching for file changes with StatReloader
2021-11-29 16:49:32,003 (WARNING) - silk.profiling.profiler - Cannot execute silk_profile as silk is not installed correctly.
2021-11-29 16:50:09,962 (WARNING) - silk.profiling.profiler - Cannot execute silk_profile as silk is not installed correctly.
2021-11-29 16:50:10,058 (WARNING) - silk.profiling.profiler - Cannot execute silk_profile as silk is not installed correctly.
2021-11-29 16:50:11,189 (INFO) - django.utils.autoreload - Watching for file changes with StatReloader
2021-11-29 16:50:11,352 (WARNING) - silk.profiling.profiler - Cannot execute silk_profile as silk is not installed correctly.
2021-11-29 16:52:39,601 (WARNING) - silk.profiling.profiler - Cannot execute silk_profile as silk is not installed correctly.
2021-11-29 16:52:39,739 (WARNING) - silk.profiling.profiler - Cannot execute silk_profile as silk is not installed correctly.
2021-11-29 16:52:40,633 (INFO) - django.utils.autoreload - Watching for file changes with StatReloader
2021-11-29 16:52:40,800 (WARNING) - silk.profiling.profiler - Cannot execute silk_profile as silk is not installed correctly.
2021-11-29 17:14:17,454 (INFO) - django.utils.autoreload - Watching for file changes with StatReloader
2021-11-29 17:14:17,633 (WARNING) - silk.profiling.profiler - Cannot execute silk_profile as silk is not installed correctly.
2021-11-29 17:18:31,337 (INFO) - django.utils.autoreload - Watching for file changes with StatReloader
2021-11-29 17:18:31,530 (WARNING) - silk.profiling.profiler - Cannot execute silk_profile as silk is not installed correctly.
2021-11-29 17:21:10,534 (WARNING) - silk.profiling.profiler - Cannot execute silk_profile as silk is not installed correctly.
2021-11-29 17:21:14,566 (INFO) - django.utils.autoreload - Watching for file changes with StatReloader
2021-11-29 17:21:14,715 (WARNING) - silk.profiling.profiler - Cannot execute silk_profile as silk is not installed correctly.
2021-11-29 17:21:17,863 (ERROR) - django.security.DisallowedHost - Invalid HTTP_HOST header: '0.0.0.0:8000'. You may need to add '0.0.0.0' to ALLOWED_HOSTS.
2021-11-29 17:21:17,931 (WARNING) - django.request - Bad Request: /
2021-11-29 17:21:18,228 (ERROR) - django.security.DisallowedHost - Invalid HTTP_HOST header: '0.0.0.0:8000'. You may need to add '0.0.0.0' to ALLOWED_HOSTS.
2021-11-29 17:21:18,273 (WARNING) - django.request - Bad Request: /favicon.ico
2021-11-29 17:21:54,288 (INFO) - django.utils.autoreload - /app/storefront/settings/dev.py changed, reloading.
2021-11-29 17:21:54,934 (INFO) - django.utils.autoreload - Watching for file changes with StatReloader
2021-11-29 17:21:55,084 (WARNING) - silk.profiling.profiler - Cannot execute silk_profile as silk is not installed correctly.
2021-11-29 17:24:11,510 (WARNING) - silk.profiling.profiler - Cannot execute silk_profile as silk is not installed correctly.
2021-11-29 17:24:12,846 (INFO) - django.utils.autoreload - Watching for file changes with StatReloader
2021-11-29 17:24:13,004 (WARNING) - silk.profiling.profiler - Cannot execute silk_profile as silk is not installed correctly.
2021-11-29 17:24:31,707 (ERROR) - django.security.DisallowedHost - Invalid HTTP_HOST header: '0.0.0.0:8000'. You may need to add '0.0.0.0' to ALLOWED_HOSTS.
2021-11-29 17:24:31,768 (WARNING) - django.request - Bad Request: /
2021-11-29 17:24:32,095 (ERROR) - django.security.DisallowedHost - Invalid HTTP_HOST header: '0.0.0.0:8000'. You may need to add '0.0.0.0' to ALLOWED_HOSTS.
2021-11-29 17:24:32,140 (WARNING) - django.request - Bad Request: /favicon.ico
2021-11-29 17:25:01,979 (WARNING) - silk.profiling.profiler - Cannot execute silk_profile as silk is not installed correctly.
2021-11-29 17:25:03,380 (INFO) - django.utils.autoreload - Watching for file changes with StatReloader
2021-11-29 17:25:03,538 (WARNING) - silk.profiling.profiler - Cannot execute silk_profile as silk is not installed correctly.
2021-11-29 17:25:35,082 (WARNING) - silk.profiling.profiler - Cannot execute silk_profile as silk is not installed correctly.
2021-11-29 17:25:36,437 (INFO) - django.utils.autoreload - Watching for file changes with StatReloader
2021-11-29 17:25:36,585 (WARNING) - silk.profiling.profiler - Cannot execute silk_profile as silk is not installed correctly.
2021-11-29 17:26:42,499 (WARNING) - silk.profiling.profiler - Cannot execute silk_profile as silk is not installed correctly.
2021-11-29 17:26:43,873 (INFO) - django.utils.autoreload - Watching for file changes with StatReloader
2021-11-29 17:26:44,021 (WARNING) - silk.profiling.profiler - Cannot execute silk_profile as silk is not installed correctly.
2021-11-29 17:26:45,091 (ERROR) - django.security.DisallowedHost - Invalid HTTP_HOST header: '0.0.0.0:8000'. You may need to add '0.0.0.0' to ALLOWED_HOSTS.
2021-11-29 17:26:45,151 (WARNING) - django.request - Bad Request: /
2021-11-29 17:26:45,472 (ERROR) - django.security.DisallowedHost - Invalid HTTP_HOST header: '0.0.0.0:8000'. You may need to add '0.0.0.0' to ALLOWED_HOSTS.
2021-11-29 17:26:45,505 (WARNING) - django.request - Bad Request: /favicon.ico
2021-11-29 17:27:05,021 (WARNING) - django.request - Not Found: /favicon.ico
2021-11-29 17:28:06,745 (WARNING) - silk.profiling.profiler - Cannot execute silk_profile as silk is not installed correctly.
2021-11-29 17:31:16,042 (WARNING) - silk.profiling.profiler - Cannot execute silk_profile as silk is not installed correctly.
2021-11-29 17:31:16,205 (WARNING) - silk.profiling.profiler - Cannot execute silk_profile as silk is not installed correctly.
2021-11-29 17:31:16,283 (WARNING) - silk.profiling.profiler - Cannot execute silk_profile as silk is not installed correctly.
2021-11-29 17:31:17,628 (INFO) - django.utils.autoreload - Watching for file changes with StatReloader
2021-11-29 17:31:17,785 (WARNING) - silk.profiling.profiler - Cannot execute silk_profile as silk is not installed correctly.
2021-11-29 17:33:26,693 (WARNING) - silk.profiling.profiler - Cannot execute silk_profile as silk is not installed correctly.
2021-11-29 17:33:27,040 (WARNING) - silk.profiling.profiler - Cannot execute silk_profile as silk is not installed correctly.
2021-11-29 17:33:27,065 (WARNING) - silk.profiling.profiler - Cannot execute silk_profile as silk is not installed correctly.
2021-11-29 17:33:28,461 (INFO) - django.utils.autoreload - Watching for file changes with StatReloader
2021-11-29 17:33:28,660 (WARNING) - silk.profiling.profiler - Cannot execute silk_profile as silk is not installed correctly.
2021-11-29 17:34:27,587 (WARNING) - silk.profiling.profiler - Cannot execute silk_profile as silk is not installed correctly.
2021-11-29 17:34:27,769 (WARNING) - silk.profiling.profiler - Cannot execute silk_profile as silk is not installed correctly.
2021-11-29 17:34:27,871 (WARNING) - silk.profiling.profiler - Cannot execute silk_profile as silk is not installed correctly.
2021-11-29 17:34:29,214 (INFO) - django.utils.autoreload - Watching for file changes with StatReloader
2021-11-29 17:34:29,373 (WARNING) - silk.profiling.profiler - Cannot execute silk_profile as silk is not installed correctly.
2021-11-29 17:45:02,963 (WARNING) - django.request - Unauthorized: /store/collections/
2021-11-29 17:45:03,006 (WARNING) - django.request - Forbidden: /store/collections/
2021-11-29 17:45:03,043 (WARNING) - django.request - Bad Request: /store/collections/
2021-11-29 17:47:24,130 (WARNING) - silk.profiling.profiler - Cannot execute silk_profile as silk is not installed correctly.
2021-11-29 17:47:24,146 (WARNING) - silk.profiling.profiler - Cannot execute silk_profile as silk is not installed correctly.
2021-11-29 17:47:24,643 (WARNING) - silk.profiling.profiler - Cannot execute silk_profile as silk is not installed correctly.
2021-11-29 17:47:26,048 (INFO) - django.utils.autoreload - Watching for file changes with StatReloader
2021-11-29 17:47:26,196 (WARNING) - silk.profiling.profiler - Cannot execute silk_profile as silk is not installed correctly.
2021-11-29 17:48:41,511 (WARNING) - silk.profiling.profiler - Cannot execute silk_profile as silk is not installed correctly.
2021-11-29 17:48:48,072 (WARNING) - silk.profiling.profiler - Cannot execute silk_profile as silk is not installed correctly.
2021-11-29 17:48:50,881 (WARNING) - silk.profiling.profiler - Cannot execute silk_profile as silk is not installed correctly.
2021-11-29 17:48:52,380 (INFO) - django.utils.autoreload - Watching for file changes with StatReloader
2021-11-29 17:48:52,527 (WARNING) - silk.profiling.profiler - Cannot execute silk_profile as silk is not installed correctly.
2021-11-29 17:55:06,510 (WARNING) - silk.profiling.profiler - Cannot execute silk_profile as silk is not installed correctly.
2021-11-29 17:55:06,538 (WARNING) - silk.profiling.profiler - Cannot execute silk_profile as silk is not installed correctly.
2021-11-29 17:55:06,998 (WARNING) - silk.profiling.profiler - Cannot execute silk_profile as silk is not installed correctly.
2021-11-29 17:55:08,445 (INFO) - django.utils.autoreload - Watching for file changes with StatReloader
2021-11-29 17:55:08,609 (WARNING) - silk.profiling.profiler - Cannot execute silk_profile as silk is not installed correctly.
2021-11-29 18:04:37,754 (WARNING) - silk.profiling.profiler - Cannot execute silk_profile as silk is not installed correctly.
2021-11-29 18:04:45,045 (WARNING) - silk.profiling.profiler - Cannot execute silk_profile as silk is not installed correctly.
2021-11-29 18:04:47,374 (WARNING) - silk.profiling.profiler - Cannot execute silk_profile as silk is not installed correctly.
2021-11-29 18:04:48,807 (INFO) - django.utils.autoreload - Watching for file changes with StatReloader
2021-11-29 18:04:48,953 (WARNING) - silk.profiling.profiler - Cannot execute silk_profile as silk is not installed correctly.
2021-11-29 18:05:10,432 (WARNING) - silk.profiling.profiler - Cannot execute silk_profile as silk is not installed correctly.
2021-11-29 18:05:11,766 (INFO) - django.utils.autoreload - Watching for file changes with StatReloader
2021-11-29 18:05:11,921 (WARNING) - silk.profiling.profiler - Cannot execute silk_profile as silk is not installed correctly.
2021-11-29 18:09:26,284 (WARNING) - django.request - Unauthorized: /store/collections/
2021-11-29 18:09:26,320 (WARNING) - django.request - Forbidden: /store/collections/
2021-11-29 18:09:26,353 (WARNING) - django.request - Bad Request: /store/collections/
2021-11-29 18:12:34,839 (WARNING) - silk.profiling.profiler - Cannot execute silk_profile as silk is not installed correctly.
2021-11-29 18:12:35,024 (WARNING) - silk.profiling.profiler - Cannot execute silk_profile as silk is not installed correctly.
2021-11-29 18:12:35,684 (WARNING) - silk.profiling.profiler - Cannot execute silk_profile as silk is not installed correctly.
2021-11-29 18:12:37,599 (INFO) - django.utils.autoreload - Watching for file changes with StatReloader
2021-11-29 18:12:37,805 (WARNING) - silk.profiling.profiler - Cannot execute silk_profile as silk is not installed correctly.
2021-11-29 18:12:41,719 (WARNING) - django.request - Unauthorized: /store/collections/
2021-11-29 18:12:41,758 (WARNING) - django.request - Forbidden: /store/collections/
2021-11-29 18:12:41,794 (WARNING) - django.request - Bad Request: /store/collections/
2021-11-29 18:13:28,377 (WARNING) - django.request - Unauthorized: /store/collections/
2021-11-29 18:13:28,447 (WARNING) - django.request - Forbidden: /store/collections/
2021-11-29 18:13:28,481 (WARNING) - django.request - Bad Request: /store/collections/
2021-11-29 18:13:39,987 (WARNING) - django.request - Unauthorized: /store/collections/
2021-11-29 18:13:40,058 (WARNING) - django.request - Forbidden: /store/collections/
2021-11-29 18:13:40,094 (WARNING) - django.request - Bad Request: /store/collections/
2021-11-29 18:23:37,142 (INFO) - django.utils.autoreload - /app/storefront/settings/dev.py changed, reloading.
2021-11-29 18:23:38,075 (INFO) - django.utils.autoreload - Watching for file changes with StatReloader
2021-11-29 18:23:38,465 (WARNING) - silk.profiling.profiler - Cannot execute silk_profile as silk is not installed correctly.
2021-11-29 18:23:42,518 (WARNING) - django.request - Unauthorized: /store/collections/
2021-11-29 18:23:42,598 (WARNING) - django.request - Forbidden: /store/collections/
2021-11-29 18:23:42,637 (WARNING) - django.request - Bad Request: /store/collections/
2021-11-29 18:24:06,957 (WARNING) - silk.profiling.profiler - Cannot execute silk_profile as silk is not installed correctly.
2021-11-29 18:24:07,315 (WARNING) - silk.profiling.profiler - Cannot execute silk_profile as silk is not installed correctly.
2021-11-29 18:24:07,442 (WARNING) - silk.profiling.profiler - Cannot execute silk_profile as silk is not installed correctly.
2021-11-29 18:24:09,418 (INFO) - django.utils.autoreload - Watching for file changes with StatReloader
2021-11-29 18:24:09,600 (WARNING) - silk.profiling.profiler - Cannot execute silk_profile as silk is not installed correctly.
2021-11-29 18:24:12,938 (WARNING) - django.request - Unauthorized: /store/collections/
2021-11-29 18:24:12,978 (WARNING) - django.request - Forbidden: /store/collections/
2021-11-29 18:24:13,014 (WARNING) - django.request - Bad Request: /store/collections/
2021-11-29 18:30:22,789 (INFO) - django.utils.autoreload - /app/storefront/settings/dev.py changed, reloading.
2021-11-29 18:30:23,653 (INFO) - django.utils.autoreload - Watching for file changes with StatReloader
2021-11-29 18:30:23,925 (WARNING) - silk.profiling.profiler - Cannot execute silk_profile as silk is not installed correctly.
2021-11-29 18:30:27,491 (WARNING) - django.request - Unauthorized: /store/collections/
2021-11-29 18:30:27,561 (WARNING) - django.request - Forbidden: /store/collections/
2021-11-29 18:30:27,604 (WARNING) - django.request - Bad Request: /store/collections/
2021-11-29 18:30:28,607 (INFO) - django.utils.autoreload - /app/storefront/settings/dev.py changed, reloading.
2021-11-29 18:30:29,311 (INFO) - django.utils.autoreload - Watching for file changes with StatReloader
2021-11-29 18:30:29,469 (WARNING) - silk.profiling.profiler - Cannot execute silk_profile as silk is not installed correctly.
2021-11-29 18:30:31,937 (INFO) - django.utils.autoreload - /app/storefront/settings/dev.py changed, reloading.
2021-11-29 18:30:32,606 (INFO) - django.utils.autoreload - Watching for file changes with StatReloader
2021-11-29 18:30:32,745 (WARNING) - silk.profiling.profiler - Cannot execute silk_profile as silk is not installed correctly.
2021-11-29 18:30:37,930 (WARNING) - django.request - Unauthorized: /store/collections/
2021-11-29 18:30:37,998 (WARNING) - django.request - Forbidden: /store/collections/
2021-11-29 18:30:38,061 (WARNING) - django.request - Bad Request: /store/collections/
2021-11-29 18:30:52,711 (INFO) - django.utils.autoreload - /app/storefront/settings/dev.py changed, reloading.
2021-11-29 18:30:53,530 (INFO) - django.utils.autoreload - Watching for file changes with StatReloader
2021-11-29 18:30:53,781 (WARNING) - silk.profiling.profiler - Cannot execute silk_profile as silk is not installed correctly.
2021-11-29 18:30:58,317 (WARNING) - django.request - Unauthorized: /store/collections/
2021-11-29 18:30:58,382 (WARNING) - django.request - Forbidden: /store/collections/
2021-11-29 18:30:58,444 (WARNING) - django.request - Bad Request: /store/collections/
2021-11-29 18:31:19,816 (WARNING) - silk.profiling.profiler - Cannot execute silk_profile as silk is not installed correctly.
2021-11-29 18:31:20,052 (WARNING) - silk.profiling.profiler - Cannot execute silk_profile as silk is not installed correctly.
2021-11-29 18:31:20,185 (WARNING) - silk.profiling.profiler - Cannot execute silk_profile as silk is not installed correctly.
2021-11-29 18:31:22,257 (INFO) - django.utils.autoreload - Watching for file changes with StatReloader
2021-11-29 18:31:22,487 (WARNING) - silk.profiling.profiler - Cannot execute silk_profile as silk is not installed correctly.
2021-11-29 18:31:26,130 (WARNING) - django.request - Unauthorized: /store/collections/
2021-11-29 18:31:26,193 (WARNING) - django.request - Forbidden: /store/collections/
2021-11-29 18:31:26,254 (WARNING) - django.request - Bad Request: /store/collections/
2021-11-29 18:38:17,013 (WARNING) - django.request - Unauthorized: /store/collections/
2021-11-29 18:38:17,079 (WARNING) - django.request - Forbidden: /store/collections/
2021-11-29 18:38:17,146 (WARNING) - django.request - Bad Request: /store/collections/
2021-11-29 18:39:26,533 (INFO) - django.utils.autoreload - /app/storefront/settings/dev.py changed, reloading.
2021-11-29 18:39:27,350 (INFO) - django.utils.autoreload - Watching for file changes with StatReloader
2021-11-29 18:39:27,593 (WARNING) - silk.profiling.profiler - Cannot execute silk_profile as silk is not installed correctly.
2021-11-29 21:23:17,421 (WARNING) - silk.profiling.profiler - Cannot execute silk_profile as silk is not installed correctly.
2021-11-29 21:23:17,502 (WARNING) - silk.profiling.profiler - Cannot execute silk_profile as silk is not installed correctly.
2021-11-29 21:23:17,506 (WARNING) - silk.profiling.profiler - Cannot execute silk_profile as silk is not installed correctly.
2021-11-29 21:23:19,832 (INFO) - django.utils.autoreload - Watching for file changes with StatReloader
2021-11-29 21:23:19,994 (WARNING) - silk.profiling.profiler - Cannot execute silk_profile as silk is not installed correctly.
2021-11-29 21:23:23,815 (WARNING) - django.request - Unauthorized: /store/collections/
2021-11-29 21:23:23,878 (WARNING) - django.request - Forbidden: /store/collections/
2021-11-29 21:23:23,944 (WARNING) - django.request - Bad Request: /store/collections/
2021-11-29 21:25:59,108 (WARNING) - silk.profiling.profiler - Cannot execute silk_profile as silk is not installed correctly.
2021-11-29 21:25:59,228 (WARNING) - silk.profiling.profiler - Cannot execute silk_profile as silk is not installed correctly.
2021-11-29 21:25:59,741 (WARNING) - silk.profiling.profiler - Cannot execute silk_profile as silk is not installed correctly.
2021-11-29 21:26:01,283 (INFO) - django.utils.autoreload - Watching for file changes with StatReloader
2021-11-29 21:26:01,446 (WARNING) - silk.profiling.profiler - Cannot execute silk_profile as silk is not installed correctly.
2021-11-29 21:26:05,723 (WARNING) - django.request - Unauthorized: /store/collections/
2021-11-29 21:26:05,794 (WARNING) - django.request - Forbidden: /store/collections/
2021-11-29 21:26:05,861 (WARNING) - django.request - Bad Request: /store/collections/
2021-11-29 21:30:53,356 (WARNING) - silk.profiling.profiler - Cannot execute silk_profile as silk is not installed correctly.
2021-11-30 01:17:26,924 (WARNING) - silk.profiling.profiler - Cannot execute silk_profile as silk is not installed correctly.
2021-11-30 01:18:58,953 (WARNING) - silk.profiling.profiler - Cannot execute silk_profile as silk is not installed correctly.
2021-11-30 01:18:59,108 (WARNING) - silk.profiling.profiler - Cannot execute silk_profile as silk is not installed correctly.
2021-11-30 01:18:59,129 (WARNING) - silk.profiling.profiler - Cannot execute silk_profile as silk is not installed correctly.
2021-11-30 01:19:01,392 (INFO) - django.utils.autoreload - Watching for file changes with StatReloader
2021-11-30 01:19:01,604 (WARNING) - silk.profiling.profiler - Cannot execute silk_profile as silk is not installed correctly.
2021-11-30 01:19:05,492 (WARNING) - django.request - Unauthorized: /store/collections/
2021-11-30 01:19:05,558 (WARNING) - django.request - Forbidden: /store/collections/
2021-11-30 01:19:05,623 (WARNING) - django.request - Bad Request: /store/collections/
